    Finished `dev` profile [unoptimized + debuginfo] target(s) in 0.11s
     Running `target/debug/server`
  [2m2025-09-27T10:29:14.291352Z[0m [32m INFO[0m [1;32mserver[0m[32m: [32mStarting AIWebEngine Server[0m
    [2;3mat[0m src/bin/server.rs:113

  [2m2025-09-27T10:29:14.291728Z[0m [32m INFO[0m [1;32mserver[0m[32m: [32mConfiguration loaded successfully[0m
    [2;3mat[0m src/bin/server.rs:114

  [2m2025-09-27T10:29:14.291758Z[0m [32m INFO[0m [1;32mserver[0m[32m: [32mServer address: 127.0.0.1:8080[0m
    [2;3mat[0m src/bin/server.rs:115

  [2m2025-09-27T10:29:14.291818Z[0m [32m INFO[0m [1;32mserver[0m[32m: [32mJavaScript timeout: 5000ms[0m
    [2;3mat[0m src/bin/server.rs:116

  [2m2025-09-27T10:29:14.291858Z[0m [32m INFO[0m [1;32mserver[0m[32m: [32mMax memory per script: 10485760 bytes[0m
    [2;3mat[0m src/bin/server.rs:120

  [2m2025-09-27T10:29:14.291874Z[0m [32m INFO[0m [1;32mserver[0m[32m: [32mStorage type: memory[0m
    [2;3mat[0m src/bin/server.rs:124

  [2m2025-09-27T10:29:14.291892Z[0m [32m INFO[0m [1;32mserver[0m[32m: [32mCORS enabled: true[0m
    [2;3mat[0m src/bin/server.rs:125

  [2m2025-09-27T10:29:14.291909Z[0m [32m INFO[0m [1;32mserver[0m[32m: [32mRate limiting: 100 requests/minute[0m
    [2;3mat[0m src/bin/server.rs:126

  [2m2025-09-27T10:29:14.292882Z[0m [32m INFO[0m [1;32maiwebengine[0m[32m: [32mExecuting all scripts at startup to populate GraphQL registry...[0m
    [2;3mat[0m src/lib.rs:215

  [2m2025-09-27T10:29:14.293249Z[0m [32m INFO[0m [1;32maiwebengine[0m[32m: [32mExecuting script: https://example.com/core[0m
    [2;3mat[0m src/lib.rs:218

  [2m2025-09-27T10:29:14.296106Z[0m [32m INFO[0m [1;32maiwebengine::stream_registry[0m[32m: [32mRegistering new stream path '/script_updates' for script 'https://example.com/core'[0m
    [2;3mat[0m src/stream_registry.rs:252

  [2m2025-09-27T10:29:14.296665Z[0m [32m INFO[0m [1;32maiwebengine[0m[32m: [32mSuccessfully executed script: https://example.com/core[0m
    [2;3mat[0m src/lib.rs:223

  [2m2025-09-27T10:29:14.296689Z[0m [32m INFO[0m [1;32maiwebengine[0m[32m: [32mExecuting script: https://example.com/asset_mgmt[0m
    [2;3mat[0m src/lib.rs:218

  [2m2025-09-27T10:29:14.297800Z[0m [32m INFO[0m [1;32maiwebengine[0m[32m: [32mSuccessfully executed script: https://example.com/asset_mgmt[0m
    [2;3mat[0m src/lib.rs:223

  [2m2025-09-27T10:29:14.297822Z[0m [32m INFO[0m [1;32maiwebengine[0m[32m: [32mExecuting script: https://example.com/editor[0m
    [2;3mat[0m src/lib.rs:218

  [2m2025-09-27T10:29:14.299609Z[0m [32m INFO[0m [1;32maiwebengine[0m[32m: [32mSuccessfully executed script: https://example.com/editor[0m
    [2;3mat[0m src/lib.rs:223

  [2m2025-09-27T10:29:14.387712Z[0m [32m INFO[0m [1;32maiwebengine[0m[32m: [32mlistening on 127.0.0.1:8080[0m
    [2;3mat[0m src/lib.rs:900

  [2m2025-09-27T10:29:14.387838Z[0m [32m INFO[0m [1;32mserver[0m[32m: [32mServer started successfully on port 8080[0m
    [2;3mat[0m src/bin/server.rs:137

  [2m2025-09-27T10:29:20.714127Z[0m [32m INFO[0m [1;32maiwebengine[0m[32m: [32mStream check (wildcard) - method: GET, is_get: true, path: '/health', is_registered: false[0m
    [2;3mat[0m src/lib.rs:647

  [2m2025-09-27T10:29:20.719398Z[0m [33m WARN[0m [1;33maiwebengine::stream_registry[0m[33m: [33mStream path '/script_updates' already registered with no active connections, replacing with new registration from script 'https://example.com/core'[0m
    [2;3mat[0m src/stream_registry.rs:246

  [2m2025-09-27T10:29:20.721273Z[0m [33m WARN[0m [1;33maiwebengine::stream_registry[0m[33m: [33mStream path '/script_updates' already registered with no active connections, replacing with new registration from script 'https://example.com/core'[0m
    [2;3mat[0m src/stream_registry.rs:246

